# JRE version: OpenJDK Runtime Environment Temurin-17.0.10+7 (17.0.10+7) (build 17.0.10+7)
# Java VM: OpenJDK 64-Bit Server VM Temurin-17.0.10+7 (17.0.10+7, mixed mode, tiered, compressed oops, compressed class ptrs, parallel gc, windows-amd64)
GC Precious Log:
 CPUs: 4 total, 4 available
 Memory: 7097M
 Large Page Support: Disabled
 NUMA Support: Disabled
 Compressed Oops: Enabled (32-bit)
 Alignments: Space 512K, Generation 512K, Heap 2M
 Heap Min Capacity: 100M
 Heap Initial Capacity: 100M
 Heap Max Capacity: 1G
 Pre-touch: Disabled
 Parallel Workers: 4
Heap:
 PSYoungGen      total 2048K, used 1481K [0x00000000eab00000, 0x00000000eae00000, 0x0000000100000000)
  eden space 1536K, 83% used [0x00000000eab00000,0x00000000eac423f8,0x00000000eac80000)
  from space 512K, 37% used [0x00000000ead80000,0x00000000eadb0020,0x00000000eae00000)
  to   space 512K, 0% used [0x00000000ead00000,0x00000000ead00000,0x00000000ead80000)
 ParOldGen       total 140800K, used 130537K [0x00000000c0000000, 0x00000000c8980000, 0x00000000eab00000)
  object space 140800K, 92% used [0x00000000c0000000,0x00000000c7f7a550,0x00000000c8980000)
 Metaspace       used 108813K, committed 110208K, reserved 1179648K
  class space    used 10853K, committed 11456K, reserved 1048576K
GC Heap History (20 events):
Event: 15488.619 GC heap before
{Heap before GC invocations=9360 (full 154):
 PSYoungGen      total 2048K, used 2048K [0x00000000eab00000, 0x00000000eb000000, 0x0000000100000000)
  eden space 1536K, 100% used [0x00000000eab00000,0x00000000eac80000,0x00000000eac80000)
  from space 512K, 100% used [0x00000000eae00000,0x00000000eae80000,0x00000000eae80000)
  to   space 1536K, 0% used [0x00000000eac80000,0x00000000eac80000,0x00000000eae00000)
 ParOldGen       total 140800K, used 126937K [0x00000000c0000000, 0x00000000c8980000, 0x00000000eab00000)
  object space 140800K, 90% used [0x00000000c0000000,0x00000000c7bf6680,0x00000000c8980000)
 Metaspace       used 108811K, committed 110208K, reserved 1179648K
  class space    used 10853K, committed 11456K, reserved 1048576K
}
Event: 15488.620 GC heap after
{Heap after GC invocations=9360 (full 154):
 PSYoungGen      total 2560K, used 608K [0x00000000eab00000, 0x00000000eae80000, 0x0000000100000000)
  eden space 1536K, 0% used [0x00000000eab00000,0x00000000eab00000,0x00000000eac80000)
  from space 1024K, 59% used [0x00000000eac80000,0x00000000ead18000,0x00000000ead80000)
  to   space 1024K, 0% used [0x00000000ead80000,0x00000000ead80000,0x00000000eae80000)
 ParOldGen       total 140800K, used 127463K [0x00000000c0000000, 0x00000000c8980000, 0x00000000eab00000)
  object space 140800K, 90% used [0x00000000c0000000,0x00000000c7c79c40,0x00000000c8980000)
 Metaspace       used 108811K, committed 110208K, reserved 1179648K
  class space    used 10853K, committed 11456K, reserved 1048576K
}
Event: 15488.731 GC heap before
{Heap before GC invocations=9361 (full 154):
 PSYoungGen      total 2560K, used 2144K [0x00000000eab00000, 0x00000000eae80000, 0x0000000100000000)
  eden space 1536K, 100% used [0x00000000eab00000,0x00000000eac80000,0x00000000eac80000)
  from space 1024K, 59% used [0x00000000eac80000,0x00000000ead18000,0x00000000ead80000)
  to   space 1024K, 0% used [0x00000000ead80000,0x00000000ead80000,0x00000000eae80000)
 ParOldGen       total 140800K, used 127463K [0x00000000c0000000, 0x00000000c8980000, 0x00000000eab00000)
  object space 140800K, 90% used [0x00000000c0000000,0x00000000c7c79c40,0x00000000c8980000)
 Metaspace       used 108811K, committed 110208K, reserved 1179648K
  class space    used 10853K, committed 11456K, reserved 1048576K
}
Event: 15488.732 GC heap after
{Heap after GC invocations=9361 (full 154):
 PSYoungGen      total 2560K, used 432K [0x00000000eab00000, 0x00000000eae80000, 0x0000000100000000)
  eden space 1536K, 0% used [0x00000000eab00000,0x00000000eab00000,0x00000000eac80000)
  from space 1024K, 42% used [0x00000000ead80000,0x00000000eadec030,0x00000000eae80000)
  to   space 1024K, 0% used [0x00000000eac80000,0x00000000eac80000,0x00000000ead80000)
 ParOldGen       total 140800K, used 127639K [0x00000000c0000000, 0x00000000c8980000, 0x00000000eab00000)
  object space 140800K, 90% used [0x00000000c0000000,0x00000000c7ca5c40,0x00000000c8980000)
 Metaspace       used 108811K, committed 110208K, reserved 1179648K
  class space    used 10853K, committed 11456K, reserved 1048576K
}
Event: 15488.737 GC heap before
{Heap before GC invocations=9362 (full 154):
 PSYoungGen      total 2560K, used 1968K [0x00000000eab00000, 0x00000000eae80000, 0x0000000100000000)
  eden space 1536K, 100% used [0x00000000eab00000,0x00000000eac80000,0x00000000eac80000)
  from space 1024K, 42% used [0x00000000ead80000,0x00000000eadec030,0x00000000eae80000)
  to   space 1024K, 0% used [0x00000000eac80000,0x00000000eac80000,0x00000000ead80000)
 ParOldGen       total 140800K, used 127639K [0x00000000c0000000, 0x00000000c8980000, 0x00000000eab00000)
  object space 140800K, 90% used [0x00000000c0000000,0x00000000c7ca5c40,0x00000000c8980000)
 Metaspace       used 108811K, committed 110208K, reserved 1179648K
  class space    used 10853K, committed 11456K, reserved 1048576K
}
Event: 15488.738 GC heap after
{Heap after GC invocations=9362 (full 154):
 PSYoungGen      total 2560K, used 576K [0x00000000eab00000, 0x00000000eae80000, 0x0000000100000000)
  eden space 1536K, 0% used [0x00000000eab00000,0x00000000eab00000,0x00000000eac80000)
  from space 1024K, 56% used [0x00000000eac80000,0x00000000ead10000,0x00000000ead80000)
  to   space 1024K, 0% used [0x00000000ead80000,0x00000000ead80000,0x00000000eae80000)
 ParOldGen       total 140800K, used 128001K [0x00000000c0000000, 0x00000000c8980000, 0x00000000eab00000)
  object space 140800K, 90% used [0x00000000c0000000,0x00000000c7d007e0,0x00000000c8980000)
 Metaspace       used 108811K, committed 110208K, reserved 1179648K
  class space    used 10853K, committed 11456K, reserved 1048576K
}
Event: 15488.744 GC heap before
{Heap before GC invocations=9363 (full 154):
 PSYoungGen      total 2560K, used 2112K [0x00000000eab00000, 0x00000000eae80000, 0x0000000100000000)
  eden space 1536K, 100% used [0x00000000eab00000,0x00000000eac80000,0x00000000eac80000)
  from space 1024K, 56% used [0x00000000eac80000,0x00000000ead10000,0x00000000ead80000)
  to   space 1024K, 0% used [0x00000000ead80000,0x00000000ead80000,0x00000000eae80000)
 ParOldGen       total 140800K, used 128001K [0x00000000c0000000, 0x00000000c8980000, 0x00000000eab00000)
  object space 140800K, 90% used [0x00000000c0000000,0x00000000c7d007e0,0x00000000c8980000)
 Metaspace       used 108811K, committed 110208K, reserved 1179648K
  class space    used 10853K, committed 11456K, reserved 1048576K
}
Event: 15488.745 GC heap after
{Heap after GC invocations=9363 (full 154):
 PSYoungGen      total 2560K, used 608K [0x00000000eab00000, 0x00000000eae80000, 0x0000000100000000)
  eden space 1536K, 0% used [0x00000000eab00000,0x00000000eab00000,0x00000000eac80000)
  from space 1024K, 59% used [0x00000000ead80000,0x00000000eae18000,0x00000000eae80000)
  to   space 1024K, 0% used [0x00000000eac80000,0x00000000eac80000,0x00000000ead80000)
 ParOldGen       total 140800K, used 128506K [0x00000000c0000000, 0x00000000c8980000, 0x00000000eab00000)
  object space 140800K, 91% used [0x00000000c0000000,0x00000000c7d7e800,0x00000000c8980000)
 Metaspace       used 108811K, committed 110208K, reserved 1179648K
  class space    used 10853K, committed 11456K, reserved 1048576K
}
Event: 15488.769 GC heap before
{Heap before GC invocations=9364 (full 154):
 PSYoungGen      total 2560K, used 2144K [0x00000000eab00000, 0x00000000eae80000, 0x0000000100000000)
  eden space 1536K, 100% used [0x00000000eab00000,0x00000000eac80000,0x00000000eac80000)
  from space 1024K, 59% used [0x00000000ead80000,0x00000000eae18000,0x00000000eae80000)
  to   space 1024K, 0% used [0x00000000eac80000,0x00000000eac80000,0x00000000ead80000)
 ParOldGen       total 140800K, used 128506K [0x00000000c0000000, 0x00000000c8980000, 0x00000000eab00000)
  object space 140800K, 91% used [0x00000000c0000000,0x00000000c7d7e800,0x00000000c8980000)
 Metaspace       used 108811K, committed 110208K, reserved 1179648K
  class space    used 10853K, committed 11456K, reserved 1048576K
}
Event: 15488.771 GC heap after
{Heap after GC invocations=9364 (full 154):
 PSYoungGen      total 2560K, used 576K [0x00000000eab00000, 0x00000000eae80000, 0x0000000100000000)
  eden space 1536K, 0% used [0x00000000eab00000,0x00000000eab00000,0x00000000eac80000)
  from space 1024K, 56% used [0x00000000eac80000,0x00000000ead10000,0x00000000ead80000)
  to   space 1024K, 0% used [0x00000000ead80000,0x00000000ead80000,0x00000000eae80000)
 ParOldGen       total 140800K, used 129065K [0x00000000c0000000, 0x00000000c8980000, 0x00000000eab00000)
  object space 140800K, 91% used [0x00000000c0000000,0x00000000c7e0a6e0,0x00000000c8980000)
 Metaspace       used 108811K, committed 110208K, reserved 1179648K
  class space    used 10853K, committed 11456K, reserved 1048576K
}
Event: 15489.174 GC heap before
{Heap before GC invocations=9365 (full 154):
 PSYoungGen      total 2560K, used 2112K [0x00000000eab00000, 0x00000000eae80000, 0x0000000100000000)
  eden space 1536K, 100% used [0x00000000eab00000,0x00000000eac80000,0x00000000eac80000)
  from space 1024K, 56% used [0x00000000eac80000,0x00000000ead10000,0x00000000ead80000)
  to   space 1024K, 0% used [0x00000000ead80000,0x00000000ead80000,0x00000000eae80000)
 ParOldGen       total 140800K, used 129065K [0x00000000c0000000, 0x00000000c8980000, 0x00000000eab00000)
  object space 140800K, 91% used [0x00000000c0000000,0x00000000c7e0a6e0,0x00000000c8980000)
 Metaspace       used 108811K, committed 110208K, reserved 1179648K
  class space    used 10853K, committed 11456K, reserved 1048576K
}
Event: 15489.175 GC heap after
{Heap after GC invocations=9365 (full 154):
 PSYoungGen      total 2048K, used 288K [0x00000000eab00000, 0x00000000eae00000, 0x0000000100000000)
  eden space 1536K, 0% used [0x00000000eab00000,0x00000000eab00000,0x00000000eac80000)
  from space 512K, 56% used [0x00000000ead80000,0x00000000eadc8020,0x00000000eae00000)
  to   space 512K, 0% used [0x00000000ead00000,0x00000000ead00000,0x00000000ead80000)
 ParOldGen       total 140800K, used 129089K [0x00000000c0000000, 0x00000000c8980000, 0x00000000eab00000)
  object space 140800K, 91% used [0x00000000c0000000,0x00000000c7e106e0,0x00000000c8980000)
 Metaspace       used 108811K, committed 110208K, reserved 1179648K
  class space    used 10853K, committed 11456K, reserved 1048576K
}
Event: 15489.179 GC heap before
{Heap before GC invocations=9366 (full 154):
 PSYoungGen      total 2048K, used 1824K [0x00000000eab00000, 0x00000000eae00000, 0x0000000100000000)
  eden space 1536K, 100% used [0x00000000eab00000,0x00000000eac80000,0x00000000eac80000)
  from space 512K, 56% used [0x00000000ead80000,0x00000000eadc8020,0x00000000eae00000)
  to   space 512K, 0% used [0x00000000ead00000,0x00000000ead00000,0x00000000ead80000)
 ParOldGen       total 140800K, used 129089K [0x00000000c0000000, 0x00000000c8980000, 0x00000000eab00000)
  object space 140800K, 91% used [0x00000000c0000000,0x00000000c7e106e0,0x00000000c8980000)
 Metaspace       used 108811K, committed 110208K, reserved 1179648K
  class space    used 10853K, committed 11456K, reserved 1048576K
}
Event: 15489.180 GC heap after
{Heap after GC invocations=9366 (full 154):
 PSYoungGen      total 2048K, used 480K [0x00000000eab00000, 0x00000000eae80000, 0x0000000100000000)
  eden space 1536K, 0% used [0x00000000eab00000,0x00000000eab00000,0x00000000eac80000)
  from space 512K, 93% used [0x00000000ead00000,0x00000000ead78000,0x00000000ead80000)
  to   space 1024K, 0% used [0x00000000ead80000,0x00000000ead80000,0x00000000eae80000)
 ParOldGen       total 140800K, used 129236K [0x00000000c0000000, 0x00000000c8980000, 0x00000000eab00000)
  object space 140800K, 91% used [0x00000000c0000000,0x00000000c7e35268,0x00000000c8980000)
 Metaspace       used 108811K, committed 110208K, reserved 1179648K
  class space    used 10853K, committed 11456K, reserved 1048576K
}
Event: 15489.186 GC heap before
{Heap before GC invocations=9367 (full 154):
 PSYoungGen      total 2048K, used 2005K [0x00000000eab00000, 0x00000000eae80000, 0x0000000100000000)
  eden space 1536K, 99% used [0x00000000eab00000,0x00000000eac7d420,0x00000000eac80000)
  from space 512K, 93% used [0x00000000ead00000,0x00000000ead78000,0x00000000ead80000)
  to   space 1024K, 0% used [0x00000000ead80000,0x00000000ead80000,0x00000000eae80000)
 ParOldGen       total 140800K, used 129236K [0x00000000c0000000, 0x00000000c8980000, 0x00000000eab00000)
  object space 140800K, 91% used [0x00000000c0000000,0x00000000c7e35268,0x00000000c8980000)
 Metaspace       used 108813K, committed 110208K, reserved 1179648K
  class space    used 10853K, committed 11456K, reserved 1048576K
}
Event: 15489.187 GC heap after
{Heap after GC invocations=9367 (full 154):
 PSYoungGen      total 2560K, used 704K [0x00000000eab00000, 0x00000000eae80000, 0x0000000100000000)
  eden space 1536K, 0% used [0x00000000eab00000,0x00000000eab00000,0x00000000eac80000)
  from space 1024K, 68% used [0x00000000ead80000,0x00000000eae30000,0x00000000eae80000)
  to   space 1024K, 0% used [0x00000000eac80000,0x00000000eac80000,0x00000000ead80000)
 ParOldGen       total 140800K, used 129676K [0x00000000c0000000, 0x00000000c8980000, 0x00000000eab00000)
  object space 140800K, 92% used [0x00000000c0000000,0x00000000c7ea32a8,0x00000000c8980000)
 Metaspace       used 108813K, committed 110208K, reserved 1179648K
  class space    used 10853K, committed 11456K, reserved 1048576K
}
Event: 15489.206 GC heap before
{Heap before GC invocations=9368 (full 154):
 PSYoungGen      total 2560K, used 2240K [0x00000000eab00000, 0x00000000eae80000, 0x0000000100000000)
  eden space 1536K, 100% used [0x00000000eab00000,0x00000000eac80000,0x00000000eac80000)
  from space 1024K, 68% used [0x00000000ead80000,0x00000000eae30000,0x00000000eae80000)
  to   space 1024K, 0% used [0x00000000eac80000,0x00000000eac80000,0x00000000ead80000)
 ParOldGen       total 140800K, used 129676K [0x00000000c0000000, 0x00000000c8980000, 0x00000000eab00000)
  object space 140800K, 92% used [0x00000000c0000000,0x00000000c7ea32a8,0x00000000c8980000)
 Metaspace       used 108813K, committed 110208K, reserved 1179648K
  class space    used 10853K, committed 11456K, reserved 1048576K
}
Event: 15489.208 GC heap after
{Heap after GC invocations=9368 (full 154):
 PSYoungGen      total 2560K, used 576K [0x00000000eab00000, 0x00000000eae80000, 0x0000000100000000)
  eden space 1536K, 0% used [0x00000000eab00000,0x00000000eab00000,0x00000000eac80000)
  from space 1024K, 56% used [0x00000000eac80000,0x00000000ead10000,0x00000000ead80000)
  to   space 1024K, 0% used [0x00000000ead80000,0x00000000ead80000,0x00000000eae80000)
 ParOldGen       total 140800K, used 130331K [0x00000000c0000000, 0x00000000c8980000, 0x00000000eab00000)
  object space 140800K, 92% used [0x00000000c0000000,0x00000000c7f46e68,0x00000000c8980000)
 Metaspace       used 108813K, committed 110208K, reserved 1179648K
  class space    used 10853K, committed 11456K, reserved 1048576K
}
Event: 15489.252 GC heap before
{Heap before GC invocations=9369 (full 154):
 PSYoungGen      total 2560K, used 2112K [0x00000000eab00000, 0x00000000eae80000, 0x0000000100000000)
  eden space 1536K, 100% used [0x00000000eab00000,0x00000000eac80000,0x00000000eac80000)
  from space 1024K, 56% used [0x00000000eac80000,0x00000000ead10000,0x00000000ead80000)
  to   space 1024K, 0% used [0x00000000ead80000,0x00000000ead80000,0x00000000eae80000)
 ParOldGen       total 140800K, used 130331K [0x00000000c0000000, 0x00000000c8980000, 0x00000000eab00000)
  object space 140800K, 92% used [0x00000000c0000000,0x00000000c7f46e68,0x00000000c8980000)
 Metaspace       used 108813K, committed 110208K, reserved 1179648K
  class space    used 10853K, committed 11456K, reserved 1048576K
}
Event: 15489.253 GC heap after
{Heap after GC invocations=9369 (full 154):
 PSYoungGen      total 2048K, used 192K [0x00000000eab00000, 0x00000000eae00000, 0x0000000100000000)
  eden space 1536K, 0% used [0x00000000eab00000,0x00000000eab00000,0x00000000eac80000)
  from space 512K, 37% used [0x00000000ead80000,0x00000000eadb0020,0x00000000eae00000)
  to   space 512K, 0% used [0x00000000ead00000,0x00000000ead00000,0x00000000ead80000)
 ParOldGen       total 140800K, used 130537K [0x00000000c0000000, 0x00000000c8980000, 0x00000000eab00000)
  object space 140800K, 92% used [0x00000000c0000000,0x00000000c7f7a550,0x00000000c8980000)
 Metaspace       used 108813K, committed 110208K, reserved 1179648K
  class space    used 10853K, committed 11456K, reserved 1048576K
}

