# JRE version: OpenJDK Runtime Environment Temurin-17.0.10+7 (17.0.10+7) (build 17.0.10+7)
# Java VM: OpenJDK 64-Bit Server VM Temurin-17.0.10+7 (17.0.10+7, mixed mode, tiered, compressed oops, compressed class ptrs, parallel gc, windows-amd64)
GC Precious Log:
 CPUs: 4 total, 4 available
 Memory: 7097M
 Large Page Support: Disabled
 NUMA Support: Disabled
 Compressed Oops: Enabled (32-bit)
 Alignments: Space 512K, Generation 512K, Heap 2M
 Heap Min Capacity: 100M
 Heap Initial Capacity: 100M
 Heap Max Capacity: 1G
 Pre-touch: Disabled
 Parallel Workers: 4
Heap:
 PSYoungGen      total 6656K, used 6462K [0x00000000eab00000, 0x00000000eb480000, 0x0000000100000000)
  eden space 4608K, 99% used [0x00000000eab00000,0x00000000eaf7f2f8,0x00000000eaf80000)
  from space 2048K, 90% used [0x00000000eb080000,0x00000000eb2506d8,0x00000000eb280000)
  to   space 2048K, 0% used [0x00000000eb280000,0x00000000eb280000,0x00000000eb480000)
 ParOldGen       total 699392K, used 239531K [0x00000000c0000000, 0x00000000eab00000, 0x00000000eab00000)
  object space 699392K, 34% used [0x00000000c0000000,0x00000000ce9ead18,0x00000000eab00000)
 Metaspace       used 72642K, committed 73856K, reserved 1179648K
  class space    used 7568K, committed 8064K, reserved 1048576K
GC Heap History (20 events):
Event: 38.784 GC heap before
{Heap before GC invocations=426 (full 128):
 PSYoungGen      total 4096K, used 3583K [0x00000000eab00000, 0x00000000eb100000, 0x0000000100000000)
  eden space 3584K, 99% used [0x00000000eab00000,0x00000000eae7fff0,0x00000000eae80000)
  from space 512K, 0% used [0x00000000eb000000,0x00000000eb000000,0x00000000eb080000)
  to   space 1024K, 0% used [0x00000000eae80000,0x00000000eae80000,0x00000000eaf80000)
 ParOldGen       total 236032K, used 235800K [0x00000000c0000000, 0x00000000ce680000, 0x00000000eab00000)
  object space 236032K, 99% used [0x00000000c0000000,0x00000000ce6462a0,0x00000000ce680000)
 Metaspace       used 72584K, committed 73856K, reserved 1179648K
  class space    used 7568K, committed 8064K, reserved 1048576K
}
Event: 38.902 GC heap after
{Heap after GC invocations=426 (full 128):
 PSYoungGen      total 4608K, used 3583K [0x00000000eab00000, 0x00000000eb100000, 0x0000000100000000)
  eden space 3584K, 99% used [0x00000000eab00000,0x00000000eae7ffc0,0x00000000eae80000)
  from space 1024K, 0% used [0x00000000eae80000,0x00000000eae80000,0x00000000eaf80000)
  to   space 512K, 0% used [0x00000000eb000000,0x00000000eb000000,0x00000000eb080000)
 ParOldGen       total 236032K, used 235800K [0x00000000c0000000, 0x00000000ce680000, 0x00000000eab00000)
  object space 236032K, 99% used [0x00000000c0000000,0x00000000ce646290,0x00000000ce680000)
 Metaspace       used 72584K, committed 73856K, reserved 1179648K
  class space    used 7568K, committed 8064K, reserved 1048576K
}
Event: 38.902 GC heap before
{Heap before GC invocations=427 (full 129):
 PSYoungGen      total 4608K, used 3583K [0x00000000eab00000, 0x00000000eb100000, 0x0000000100000000)
  eden space 3584K, 99% used [0x00000000eab00000,0x00000000eae7fff8,0x00000000eae80000)
  from space 1024K, 0% used [0x00000000eae80000,0x00000000eae80000,0x00000000eaf80000)
  to   space 512K, 0% used [0x00000000eb000000,0x00000000eb000000,0x00000000eb080000)
 ParOldGen       total 236032K, used 235803K [0x00000000c0000000, 0x00000000ce680000, 0x00000000eab00000)
  object space 236032K, 99% used [0x00000000c0000000,0x00000000ce646e08,0x00000000ce680000)
 Metaspace       used 72584K, committed 73856K, reserved 1179648K
  class space    used 7568K, committed 8064K, reserved 1048576K
}
Event: 39.017 GC heap after
{Heap after GC invocations=427 (full 129):
 PSYoungGen      total 4096K, used 3583K [0x00000000eab00000, 0x00000000eb100000, 0x0000000100000000)
  eden space 3584K, 99% used [0x00000000eab00000,0x00000000eae7fff8,0x00000000eae80000)
  from space 512K, 0% used [0x00000000eb000000,0x00000000eb000000,0x00000000eb080000)
  to   space 1024K, 0% used [0x00000000eae80000,0x00000000eae80000,0x00000000eaf80000)
 ParOldGen       total 236032K, used 235800K [0x00000000c0000000, 0x00000000ce680000, 0x00000000eab00000)
  object space 236032K, 99% used [0x00000000c0000000,0x00000000ce646338,0x00000000ce680000)
 Metaspace       used 72584K, committed 73856K, reserved 1179648K
  class space    used 7568K, committed 8064K, reserved 1048576K
}
Event: 39.018 GC heap before
{Heap before GC invocations=428 (full 130):
 PSYoungGen      total 4096K, used 3583K [0x00000000eab00000, 0x00000000eb100000, 0x0000000100000000)
  eden space 3584K, 99% used [0x00000000eab00000,0x00000000eae7fff8,0x00000000eae80000)
  from space 512K, 0% used [0x00000000eb000000,0x00000000eb000000,0x00000000eb080000)
  to   space 1024K, 0% used [0x00000000eae80000,0x00000000eae80000,0x00000000eaf80000)
 ParOldGen       total 236032K, used 235805K [0x00000000c0000000, 0x00000000ce680000, 0x00000000eab00000)
  object space 236032K, 99% used [0x00000000c0000000,0x00000000ce647520,0x00000000ce680000)
 Metaspace       used 72584K, committed 73856K, reserved 1179648K
  class space    used 7568K, committed 8064K, reserved 1048576K
}
Event: 39.131 GC heap after
{Heap after GC invocations=428 (full 130):
 PSYoungGen      total 4608K, used 3583K [0x00000000eab00000, 0x00000000eb100000, 0x0000000100000000)
  eden space 3584K, 99% used [0x00000000eab00000,0x00000000eae7fff8,0x00000000eae80000)
  from space 1024K, 0% used [0x00000000eae80000,0x00000000eae80000,0x00000000eaf80000)
  to   space 512K, 0% used [0x00000000eb000000,0x00000000eb000000,0x00000000eb080000)
 ParOldGen       total 236032K, used 235803K [0x00000000c0000000, 0x00000000ce680000, 0x00000000eab00000)
  object space 236032K, 99% used [0x00000000c0000000,0x00000000ce646c38,0x00000000ce680000)
 Metaspace       used 72584K, committed 73856K, reserved 1179648K
  class space    used 7568K, committed 8064K, reserved 1048576K
}
Event: 39.132 GC heap before
{Heap before GC invocations=429 (full 131):
 PSYoungGen      total 4608K, used 3583K [0x00000000eab00000, 0x00000000eb100000, 0x0000000100000000)
  eden space 3584K, 99% used [0x00000000eab00000,0x00000000eae7fff8,0x00000000eae80000)
  from space 1024K, 0% used [0x00000000eae80000,0x00000000eae80000,0x00000000eaf80000)
  to   space 512K, 0% used [0x00000000eb000000,0x00000000eb000000,0x00000000eb080000)
 ParOldGen       total 236032K, used 235842K [0x00000000c0000000, 0x00000000ce680000, 0x00000000eab00000)
  object space 236032K, 99% used [0x00000000c0000000,0x00000000ce6508a0,0x00000000ce680000)
 Metaspace       used 72584K, committed 73856K, reserved 1179648K
  class space    used 7568K, committed 8064K, reserved 1048576K
}
Event: 39.248 GC heap after
{Heap after GC invocations=429 (full 131):
 PSYoungGen      total 4096K, used 3583K [0x00000000eab00000, 0x00000000eb100000, 0x0000000100000000)
  eden space 3584K, 99% used [0x00000000eab00000,0x00000000eae7fff8,0x00000000eae80000)
  from space 512K, 0% used [0x00000000eb000000,0x00000000eb000000,0x00000000eb080000)
  to   space 1024K, 0% used [0x00000000eae80000,0x00000000eae80000,0x00000000eaf80000)
 ParOldGen       total 236032K, used 235807K [0x00000000c0000000, 0x00000000ce680000, 0x00000000eab00000)
  object space 236032K, 99% used [0x00000000c0000000,0x00000000ce647ff0,0x00000000ce680000)
 Metaspace       used 72584K, committed 73856K, reserved 1179648K
  class space    used 7568K, committed 8064K, reserved 1048576K
}
Event: 39.250 GC heap before
{Heap before GC invocations=430 (full 132):
 PSYoungGen      total 4096K, used 3583K [0x00000000eab00000, 0x00000000eb100000, 0x0000000100000000)
  eden space 3584K, 99% used [0x00000000eab00000,0x00000000eae7fff8,0x00000000eae80000)
  from space 512K, 0% used [0x00000000eb000000,0x00000000eb000000,0x00000000eb080000)
  to   space 1024K, 0% used [0x00000000eae80000,0x00000000eae80000,0x00000000eaf80000)
 ParOldGen       total 236032K, used 235810K [0x00000000c0000000, 0x00000000ce680000, 0x00000000eab00000)
  object space 236032K, 99% used [0x00000000c0000000,0x00000000ce648b40,0x00000000ce680000)
 Metaspace       used 72584K, committed 73856K, reserved 1179648K
  class space    used 7568K, committed 8064K, reserved 1048576K
}
Event: 39.366 GC heap after
{Heap after GC invocations=430 (full 132):
 PSYoungGen      total 4608K, used 3583K [0x00000000eab00000, 0x00000000eb100000, 0x0000000100000000)
  eden space 3584K, 99% used [0x00000000eab00000,0x00000000eae7ffb0,0x00000000eae80000)
  from space 1024K, 0% used [0x00000000eae80000,0x00000000eae80000,0x00000000eaf80000)
  to   space 512K, 0% used [0x00000000eb000000,0x00000000eb000000,0x00000000eb080000)
 ParOldGen       total 236032K, used 235809K [0x00000000c0000000, 0x00000000ce680000, 0x00000000eab00000)
  object space 236032K, 99% used [0x00000000c0000000,0x00000000ce648698,0x00000000ce680000)
 Metaspace       used 72584K, committed 73856K, reserved 1179648K
  class space    used 7568K, committed 8064K, reserved 1048576K
}
Event: 39.367 GC heap before
{Heap before GC invocations=431 (full 133):
 PSYoungGen      total 4608K, used 3583K [0x00000000eab00000, 0x00000000eb100000, 0x0000000100000000)
  eden space 3584K, 99% used [0x00000000eab00000,0x00000000eae7fff0,0x00000000eae80000)
  from space 1024K, 0% used [0x00000000eae80000,0x00000000eae80000,0x00000000eaf80000)
  to   space 512K, 0% used [0x00000000eb000000,0x00000000eb000000,0x00000000eb080000)
 ParOldGen       total 236032K, used 235809K [0x00000000c0000000, 0x00000000ce680000, 0x00000000eab00000)
  object space 236032K, 99% used [0x00000000c0000000,0x00000000ce648698,0x00000000ce680000)
 Metaspace       used 72584K, committed 73856K, reserved 1179648K
  class space    used 7568K, committed 8064K, reserved 1048576K
}
Event: 39.484 GC heap after
{Heap after GC invocations=431 (full 133):
 PSYoungGen      total 4096K, used 3583K [0x00000000eab00000, 0x00000000eb100000, 0x0000000100000000)
  eden space 3584K, 99% used [0x00000000eab00000,0x00000000eae7fff0,0x00000000eae80000)
  from space 512K, 0% used [0x00000000eb000000,0x00000000eb000000,0x00000000eb080000)
  to   space 1024K, 0% used [0x00000000eae80000,0x00000000eae80000,0x00000000eaf80000)
 ParOldGen       total 236032K, used 235809K [0x00000000c0000000, 0x00000000ce680000, 0x00000000eab00000)
  object space 236032K, 99% used [0x00000000c0000000,0x00000000ce648698,0x00000000ce680000)
 Metaspace       used 72584K, committed 73856K, reserved 1179648K
  class space    used 7568K, committed 8064K, reserved 1048576K
}
Event: 39.484 GC heap before
{Heap before GC invocations=432 (full 134):
 PSYoungGen      total 4096K, used 3584K [0x00000000eab00000, 0x00000000eb100000, 0x0000000100000000)
  eden space 3584K, 100% used [0x00000000eab00000,0x00000000eae80000,0x00000000eae80000)
  from space 512K, 0% used [0x00000000eb000000,0x00000000eb000000,0x00000000eb080000)
  to   space 1024K, 0% used [0x00000000eae80000,0x00000000eae80000,0x00000000eaf80000)
 ParOldGen       total 236032K, used 235812K [0x00000000c0000000, 0x00000000ce680000, 0x00000000eab00000)
  object space 236032K, 99% used [0x00000000c0000000,0x00000000ce6491d0,0x00000000ce680000)
 Metaspace       used 72585K, committed 73856K, reserved 1179648K
  class space    used 7568K, committed 8064K, reserved 1048576K
}
Event: 39.599 GC heap after
{Heap after GC invocations=432 (full 134):
 PSYoungGen      total 4608K, used 3583K [0x00000000eab00000, 0x00000000eb100000, 0x0000000100000000)
  eden space 3584K, 99% used [0x00000000eab00000,0x00000000eae7ffb0,0x00000000eae80000)
  from space 1024K, 0% used [0x00000000eae80000,0x00000000eae80000,0x00000000eaf80000)
  to   space 512K, 0% used [0x00000000eb000000,0x00000000eb000000,0x00000000eb080000)
 ParOldGen       total 236032K, used 235807K [0x00000000c0000000, 0x00000000ce680000, 0x00000000eab00000)
  object space 236032K, 99% used [0x00000000c0000000,0x00000000ce647e18,0x00000000ce680000)
 Metaspace       used 72585K, committed 73856K, reserved 1179648K
  class space    used 7568K, committed 8064K, reserved 1048576K
}
Event: 39.599 GC heap before
{Heap before GC invocations=433 (full 135):
 PSYoungGen      total 4608K, used 3583K [0x00000000eab00000, 0x00000000eb100000, 0x0000000100000000)
  eden space 3584K, 99% used [0x00000000eab00000,0x00000000eae7fff8,0x00000000eae80000)
  from space 1024K, 0% used [0x00000000eae80000,0x00000000eae80000,0x00000000eaf80000)
  to   space 512K, 0% used [0x00000000eb000000,0x00000000eb000000,0x00000000eb080000)
 ParOldGen       total 236032K, used 235807K [0x00000000c0000000, 0x00000000ce680000, 0x00000000eab00000)
  object space 236032K, 99% used [0x00000000c0000000,0x00000000ce647e18,0x00000000ce680000)
 Metaspace       used 72585K, committed 73856K, reserved 1179648K
  class space    used 7568K, committed 8064K, reserved 1048576K
}
Event: 39.725 GC heap after
{Heap after GC invocations=433 (full 135):
 PSYoungGen      total 4096K, used 3583K [0x00000000eab00000, 0x00000000eb100000, 0x0000000100000000)
  eden space 3584K, 99% used [0x00000000eab00000,0x00000000eae7ffc8,0x00000000eae80000)
  from space 512K, 0% used [0x00000000eb000000,0x00000000eb000000,0x00000000eb080000)
  to   space 1024K, 0% used [0x00000000eae80000,0x00000000eae80000,0x00000000eaf80000)
 ParOldGen       total 699392K, used 235807K [0x00000000c0000000, 0x00000000eab00000, 0x00000000eab00000)
  object space 699392K, 33% used [0x00000000c0000000,0x00000000ce647e18,0x00000000eab00000)
 Metaspace       used 72585K, committed 73856K, reserved 1179648K
  class space    used 7568K, committed 8064K, reserved 1048576K
}
Event: 39.726 GC heap before
{Heap before GC invocations=434 (full 135):
 PSYoungGen      total 4096K, used 3583K [0x00000000eab00000, 0x00000000eb100000, 0x0000000100000000)
  eden space 3584K, 99% used [0x00000000eab00000,0x00000000eae7fff8,0x00000000eae80000)
  from space 512K, 0% used [0x00000000eb000000,0x00000000eb000000,0x00000000eb080000)
  to   space 1024K, 0% used [0x00000000eae80000,0x00000000eae80000,0x00000000eaf80000)
 ParOldGen       total 699392K, used 235807K [0x00000000c0000000, 0x00000000eab00000, 0x00000000eab00000)
  object space 699392K, 33% used [0x00000000c0000000,0x00000000ce647e18,0x00000000eab00000)
 Metaspace       used 72585K, committed 73856K, reserved 1179648K
  class space    used 7568K, committed 8064K, reserved 1048576K
}
Event: 39.744 GC heap after
{Heap after GC invocations=434 (full 135):
 PSYoungGen      total 4608K, used 1009K [0x00000000eab00000, 0x00000000eb800000, 0x0000000100000000)
  eden space 3584K, 0% used [0x00000000eab00000,0x00000000eab00000,0x00000000eae80000)
  from space 1024K, 98% used [0x00000000eae80000,0x00000000eaf7c598,0x00000000eaf80000)
  to   space 4608K, 0% used [0x00000000eb380000,0x00000000eb380000,0x00000000eb800000)
 ParOldGen       total 699392K, used 238491K [0x00000000c0000000, 0x00000000eab00000, 0x00000000eab00000)
  object space 699392K, 34% used [0x00000000c0000000,0x00000000ce8e6f88,0x00000000eab00000)
 Metaspace       used 72585K, committed 73856K, reserved 1179648K
  class space    used 7568K, committed 8064K, reserved 1048576K
}
Event: 39.758 GC heap before
{Heap before GC invocations=435 (full 135):
 PSYoungGen      total 4608K, used 4593K [0x00000000eab00000, 0x00000000eb800000, 0x0000000100000000)
  eden space 3584K, 100% used [0x00000000eab00000,0x00000000eae80000,0x00000000eae80000)
  from space 1024K, 98% used [0x00000000eae80000,0x00000000eaf7c598,0x00000000eaf80000)
  to   space 4608K, 0% used [0x00000000eb380000,0x00000000eb380000,0x00000000eb800000)
 ParOldGen       total 699392K, used 238491K [0x00000000c0000000, 0x00000000eab00000, 0x00000000eab00000)
  object space 699392K, 34% used [0x00000000c0000000,0x00000000ce8e6f88,0x00000000eab00000)
 Metaspace       used 72588K, committed 73856K, reserved 1179648K
  class space    used 7568K, committed 8064K, reserved 1048576K
}
Event: 39.762 GC heap after
{Heap after GC invocations=435 (full 135):
 PSYoungGen      total 5120K, used 928K [0x00000000eab00000, 0x00000000eb480000, 0x0000000100000000)
  eden space 4096K, 0% used [0x00000000eab00000,0x00000000eab00000,0x00000000eaf00000)
  from space 1024K, 90% used [0x00000000eb380000,0x00000000eb468010,0x00000000eb480000)
  to   space 2048K, 0% used [0x00000000eb080000,0x00000000eb080000,0x00000000eb280000)
 ParOldGen       total 699392K, used 239531K [0x00000000c0000000, 0x00000000eab00000, 0x00000000eab00000)
  object space 699392K, 34% used [0x00000000c0000000,0x00000000ce9ead18,0x00000000eab00000)
 Metaspace       used 72588K, committed 73856K, reserved 1179648K
  class space    used 7568K, committed 8064K, reserved 1048576K
}

